
xv6 kernel is booting

[MP2] Slab size: 3
[FILE] fileinit
[SLAB] New kmem_cache (name: file, object size: 504 bytes, at: 0x0000000087f59000, max objects per slab: 8, support in cache obj: 7) is created
hart 2 starting
hart 1 starting
[FILE] filealloc
[SLAB] Alloc request on cache file
[SLAB] Object 0x0000000087f59098 in slab 0x0000000087f59000 (file) is allocated and initialized
init: starting sh
[FILE] filealloc
[SLAB] Alloc request on cache file
[SLAB] Object 0x0000000087f59290 in slab 0x0000000087f59000 (file) is allocated and initialized
[FILE] fileclose
[SLAB] Free 0x0000000087f59290 in slab 0x0000000087f59000 (file)
[SLAB] End of free
$ echo Ok | tee f1 | gah . 16 | tee f2 | oak end > ok
[FILE] filealloc
[SLAB] Alloc request on cache file
[SLAB] Object 0x0000000087f59290 in slab 0x0000000087f59000 (file) is allocated and initialized
[FILE] filealloc
[SLAB] Alloc request on cache file
[SLAB] Object 0x0000000087f59488 in slab 0x0000000087f59000 (file) is allocated and initialized
[FILE] filealloc
[SLAB] Alloc request on cache file
[SLAB] Object 0x0000000087f59680 in slab 0x0000000087f59000 (file) is allocated and initialized
[FILE] filealloc
[SLAB] Alloc request on cache file
[SLAB] Object 0x0000000087f59878 in slab 0x0000000087f59000 (file) is allocated and initialized
[FILE] filealloc
[SLAB] Alloc request on cache file
[SLAB] Object 0x0000000087f59a70 in slab 0x0000000087f59000 (file) is allocated and initialized
[FILE] filealloc
[SLAB] Alloc request on cache file
[SLAB] Object 0x0000000087f59c68 in slab 0x0000000087f59000 (file) is allocated and initialized
[FILE] fileclose
[SLAB] Free 0x0000000087f59488 in slab 0x0000000087f59000 (file)
[SLAB] End of free
[FILE] filealloc
[SLAB] Alloc request on cache file
[SLAB] Object 0x0000000087f59488 in slab 0x0000000087f59000 (file) is allocated and initialized
[FILE] filealloc
[SLAB] Alloc request on cache file
[SLAB] A new slab 0x0000000087eec000 (file) is allocated
[SLAB] Object 0x0000000087eec018 in slab 0x0000000087eec000 (file) is allocated and initialized
[FILE] filealloc
[SLAB] Alloc request on cache file
[SLAB] Object 0x0000000087eec210 in slab 0x0000000087eec000 (file) is allocated and initialized
[FILE] filealloc
[SLAB] Alloc request on cache file
[SLAB] Object 0x0000000087eec408 in slab 0x0000000087eec000 (file) is allocated and initialized
[FILE] fileclose
[SLAB] Free 0x0000000087eec408 in slab 0x0000000087eec000 (file)
[SLAB] End of free
[FILE] filealloc
[SLAB] Alloc request on cache file
[SLAB] Object 0x0000000087eec408 in slab 0x0000000087eec000 (file) is allocated and initialized
[FILE] fileclose
[SLAB] Free 0x0000000087f59878 in slab 0x0000000087f59000 (file)
[SLAB] End of free
[FILE] filealloc
[SLAB] Alloc request on cache file
[SLAB] Object 0x0000000087f59878 in slab 0x0000000087f59000 (file) is allocated and initialized
[FILE] filealloc
[SLAB] Alloc request on cache file
[SLAB] Object 0x0000000087eec600 in slab 0x0000000087eec000 (file) is allocated and initialized
[FILE] filealloc
[SLAB] Alloc request on cache file
[SLAB] Object 0x0000000087eec7f8 in slab 0x0000000087eec000 (file) is allocated and initialized
[FILE] filealloc
[SLAB] Alloc request on cache file
[SLAB] Object 0x0000000087eec9f0 in slab 0x0000000087eec000 (file) is allocated and initialized
[FILE] filealloc
[SLAB] Alloc request on cache file
[SLAB] Object 0x0000000087eecbe8 in slab 0x0000000087eec000 (file) is allocated and initialized
[FILE] filealloc
[SLAB] Alloc request on cache file
[SLAB] Object 0x0000000087eecde0 in slab 0x0000000087eec000 (file) is allocated and initialized
[FILE] filealloc
[SLAB] Alloc request on cache file
[SLAB] A new slab 0x0000000087e8e000 (file) is allocated
[SLAB] Object 0x0000000087e8e018 in slab 0x0000000087e8e000 (file) is allocated and initialized
[FILE] filealloc
[SLAB] Alloc request on cache file
[SLAB] Object 0x0000000087e8e210 in slab 0x0000000087e8e000 (file) is allocated and initialized
[FILE] filealloc
[SLAB] Alloc request on cache file
[SLAB] Object 0x0000000087e8e408 in slab 0x0000000087e8e000 (file) is allocated and initialized
[FILE] filealloc
[SLAB] Alloc request on cache file
[SLAB] Object 0x0000000087e8e600 in slab 0x0000000087e8e000 (file) is allocated and initialized
[FILE] filealloc
[SLAB] Alloc request on cache file
[SLAB] Object 0x0000000087e8e7f8 in slab 0x0000000087e8e000 (file) is allocated and initialized
[FILE] filealloc
[SLAB] Alloc request on cache file
[SLAB] Object 0x0000000087e8e9f0 in slab 0x0000000087e8e000 (file) is allocated and initialized
[FILE] filealloc
[SLAB] Alloc request on cache file
[SLAB] Object 0x0000000087e8ebe8 in slab 0x0000000087e8e000 (file) is allocated and initialized
[FILE] filealloc
[SLAB] Alloc request on cache file
[SLAB] Object 0x0000000087e8ede0 in slab 0x0000000087e8e000 (file) is allocated and initialized
[FILE] filealloc
[SLAB] Alloc request on cache file
[SLAB] A new slab 0x0000000087e8c000 (file) is allocated
[SLAB] Object 0x0000000087e8c018 in slab 0x0000000087e8c000 (file) is allocated and initialized
[FILE] filealloc
[SLAB] Alloc request on cache file
[SLAB] Object 0x0000000087e8c210 in slab 0x0000000087e8c000 (file) is allocated and initialized
[FILE] fileclose
[SLAB] Free 0x0000000087f59488 in slab 0x0000000087f59000 (file)
[SLAB] End of free
[FILE] fileclose
[SLAB] Free 0x0000000087f59c68 in slab 0x0000000087f59000 (file)
[SLAB] End of free
[FILE] fileclose
[SLAB] Free 0x0000000087eec210 in slab 0x0000000087eec000 (file)
[SLAB] End of free
[FILE] fileclose
[SLAB] Free 0x0000000087f59878 in slab 0x0000000087f59000 (file)
[SLAB] End of free
[FILE] fileclose
[SLAB] Free 0x0000000087eec408 in slab 0x0000000087eec000 (file)
[SLAB] End of free
[FILE] fileclose
[SLAB] Free 0x0000000087eec600 in slab 0x0000000087eec000 (file)
[SLAB] End of free
[FILE] fileclose
[SLAB] Free 0x0000000087eec7f8 in slab 0x0000000087eec000 (file)
[SLAB] End of free
[FILE] fileclose
[SLAB] Free 0x0000000087eec018 in slab 0x0000000087eec000 (file)
[SLAB] End of free
[FILE] fileclose
[SLAB] Free 0x0000000087eec9f0 in slab 0x0000000087eec000 (file)
[SLAB] End of free
[FILE] fileclose
[SLAB] Free 0x0000000087eecbe8 in slab 0x0000000087eec000 (file)
[SLAB] End of free
[FILE] fileclose
[SLAB] Free 0x0000000087eecde0 in slab 0x0000000087eec000 (file)
[SLAB] End of free
[FILE] fileclose
[SLAB] Free 0x0000000087e8e018 in slab 0x0000000087e8e000 (file)
[SLAB] End of free
[FILE] fileclose
[SLAB] Free 0x0000000087e8e210 in slab 0x0000000087e8e000 (file)
[SLAB] End of free
[FILE] fileclose
[SLAB] Free 0x0000000087f59a70 in slab 0x0000000087f59000 (file)
[SLAB] End of free
[FILE] fileclose
[SLAB] Free 0x0000000087e8e408 in slab 0x0000000087e8e000 (file)
[SLAB] End of free
[FILE] fileclose
[SLAB] Free 0x0000000087e8e600 in slab 0x0000000087e8e000 (file)
[SLAB] End of free
[FILE] fileclose
[SLAB] Free 0x0000000087e8e7f8 in slab 0x0000000087e8e000 (file)
[SLAB] End of free
[FILE] fileclose
[SLAB] Free 0x0000000087e8e9f0 in slab 0x0000000087e8e000 (file)
[SLAB] End of free
[FILE] fileclose
[SLAB] Free 0x0000000087e8ebe8 in slab 0x0000000087e8e000 (file)
[SLAB] End of free
[FILE] fileclose
[SLAB] Free 0x0000000087e8ede0 in slab 0x0000000087e8e000 (file)
[SLAB] slab 0x0000000087e8e000 (file) is freed due to save memory
[SLAB] End of free
[FILE] fileclose
[SLAB] Free 0x0000000087e8c018 in slab 0x0000000087e8c000 (file)
[SLAB] End of free
[FILE] fileclose
[SLAB] Free 0x0000000087e8c210 in slab 0x0000000087e8c000 (file)
[SLAB] slab 0x0000000087e8c000 (file) is freed due to save memory
[SLAB] End of free
[FILE] fileclose
[SLAB] Free 0x0000000087f59680 in slab 0x0000000087f59000 (file)
[SLAB] End of free
[FILE] fileclose
[SLAB] Free 0x0000000087f59290 in slab 0x0000000087f59000 (file)
[SLAB] End of free
$ qemu-system-riscv64: terminating on signal 15 from pid 1009 (make)
