
xv6 kernel is booting

[MP2] Slab size: 3
[FILE] fileinit
[SLAB] New kmem_cache (name: file, object size: 504 bytes, at: 0x0000000087f59000, max objects per slab: 8, support in cache obj: 7) is created
hart 1 starting
hart 2 starting
[FILE] filealloc
[SLAB] Alloc request on cache file
[SLAB] Object 0x0000000087f59098 in slab 0x0000000087f59000 (file) is allocated and initialized
init: starting sh
[FILE] filealloc
[SLAB] Alloc request on cache file
[SLAB] Object 0x0000000087f59290 in slab 0x0000000087f59000 (file) is allocated and initialized
[FILE] fileclose
[SLAB] Free 0x0000000087f59290 in slab 0x0000000087f59000 (file)
[SLAB] End of free
$ echo Ok | gah . 16 | oak end > ok
[FILE] filealloc
[SLAB] Alloc request on cache file
[SLAB] Object 0x0000000087f59290 in slab 0x0000000087f59000 (file) is allocated and initialized
[FILE] filealloc
[SLAB] Alloc request on cache file
[SLAB] Object 0x0000000087f59488 in slab 0x0000000087f59000 (file) is allocated and initialized
[FILE] filealloc
[SLAB] Alloc request on cache file
[SLAB] Object 0x0000000087f59680 in slab 0x0000000087f59000 (file) is allocated and initialized
[FILE] filealloc
[SLAB] Alloc request on cache file
[SLAB] Object 0x0000000087f59878 in slab 0x0000000087f59000 (file) is allocated and initialized
[FILE] fileclose
[SLAB] Free 0x0000000087f59488 in slab 0x0000000087f59000 (file)
[SLAB] End of free
[FILE] filealloc
[SLAB] Alloc request on cache file
[SLAB] Object 0x0000000087f59488 in slab 0x0000000087f59000 (file) is allocated and initialized
[FILE] filealloc
[SLAB] Alloc request on cache file
[SLAB] Object 0x0000000087f59a70 in slab 0x0000000087f59000 (file) is allocated and initialized
[FILE] filealloc
[SLAB] Alloc request on cache file
[SLAB] Object 0x0000000087f59c68 in slab 0x0000000087f59000 (file) is allocated and initialized
[FILE] filealloc
[SLAB] Alloc request on cache file
[SLAB] A new slab 0x0000000087ebf000 (file) is allocated
[SLAB] Object 0x0000000087ebf018 in slab 0x0000000087ebf000 (file) is allocated and initialized
[FILE] filealloc
[SLAB] Alloc request on cache file
[SLAB] Object 0x0000000087ebf210 in slab 0x0000000087ebf000 (file) is allocated and initialized
[FILE] filealloc
[SLAB] Alloc request on cache file
[SLAB] Object 0x0000000087ebf408 in slab 0x0000000087ebf000 (file) is allocated and initialized
[FILE] filealloc
[SLAB] Alloc request on cache file
[SLAB] Object 0x0000000087ebf600 in slab 0x0000000087ebf000 (file) is allocated and initialized
[FILE] filealloc
[SLAB] Alloc request on cache file
[SLAB] Object 0x0000000087ebf7f8 in slab 0x0000000087ebf000 (file) is allocated and initialized
[FILE] filealloc
[SLAB] Alloc request on cache file
[SLAB] Object 0x0000000087ebf9f0 in slab 0x0000000087ebf000 (file) is allocated and initialized
[FILE] filealloc
[SLAB] Alloc request on cache file
[SLAB] Object 0x0000000087ebfbe8 in slab 0x0000000087ebf000 (file) is allocated and initialized
[FILE] filealloc
[SLAB] Alloc request on cache file
[SLAB] Object 0x0000000087ebfde0 in slab 0x0000000087ebf000 (file) is allocated and initialized
[FILE] filealloc
[SLAB] Alloc request on cache file
[SLAB] A new slab 0x0000000087ebe000 (file) is allocated
[SLAB] Object 0x0000000087ebe018 in slab 0x0000000087ebe000 (file) is allocated and initialized
[FILE] filealloc
[SLAB] Alloc request on cache file
[SLAB] Object 0x0000000087ebe210 in slab 0x0000000087ebe000 (file) is allocated and initialized
[FILE] filealloc
[SLAB] Alloc request on cache file
[SLAB] Object 0x0000000087ebe408 in slab 0x0000000087ebe000 (file) is allocated and initialized
[FILE] filealloc
[SLAB] Alloc request on cache file
[SLAB] Object 0x0000000087ebe600 in slab 0x0000000087ebe000 (file) is allocated and initialized
[FILE] filealloc
[SLAB] Alloc request on cache file
[SLAB] Object 0x0000000087ebe7f8 in slab 0x0000000087ebe000 (file) is allocated and initialized
[FILE] filealloc
[SLAB] Alloc request on cache file
[SLAB] Object 0x0000000087ebe9f0 in slab 0x0000000087ebe000 (file) is allocated and initialized
[FILE] fileclose
[SLAB] Free 0x0000000087f59680 in slab 0x0000000087f59000 (file)
[SLAB] End of free
[FILE] fileclose
[SLAB] Free 0x0000000087f59878 in slab 0x0000000087f59000 (file)
[SLAB] End of free
[FILE] fileclose
[SLAB] Free 0x0000000087f59488 in slab 0x0000000087f59000 (file)
[SLAB] End of free
[FILE] fileclose
[SLAB] Free 0x0000000087f59a70 in slab 0x0000000087f59000 (file)
[SLAB] End of free
[FILE] fileclose
[SLAB] Free 0x0000000087f59c68 in slab 0x0000000087f59000 (file)
[SLAB] End of free
[FILE] fileclose
[SLAB] Free 0x0000000087ebf018 in slab 0x0000000087ebf000 (file)
[SLAB] End of free
[FILE] fileclose
[SLAB] Free 0x0000000087ebf210 in slab 0x0000000087ebf000 (file)
[SLAB] End of free
[FILE] fileclose
[SLAB] Free 0x0000000087ebf408 in slab 0x0000000087ebf000 (file)
[SLAB] End of free
[FILE] fileclose
[SLAB] Free 0x0000000087ebf600 in slab 0x0000000087ebf000 (file)
[SLAB] End of free
[FILE] fileclose
[SLAB] Free 0x0000000087ebf7f8 in slab 0x0000000087ebf000 (file)
[SLAB] End of free
[FILE] fileclose
[SLAB] Free 0x0000000087ebf9f0 in slab 0x0000000087ebf000 (file)
[SLAB] End of free
[FILE] fileclose
[SLAB] Free 0x0000000087ebfbe8 in slab 0x0000000087ebf000 (file)
[SLAB] End of free
[FILE] fileclose
[SLAB] Free 0x0000000087ebfde0 in slab 0x0000000087ebf000 (file)
[SLAB] End of free
[FILE] fileclose
[SLAB] Free 0x0000000087ebe018 in slab 0x0000000087ebe000 (file)
[SLAB] End of free
[FILE] fileclose
[SLAB] Free 0x0000000087ebe210 in slab 0x0000000087ebe000 (file)
[SLAB] End of free
[FILE] fileclose
[SLAB] Free 0x0000000087ebe408 in slab 0x0000000087ebe000 (file)
[SLAB] End of free
[FILE] fileclose
[SLAB] Free 0x0000000087ebe600 in slab 0x0000000087ebe000 (file)
[SLAB] End of free
[FILE] fileclose
[SLAB] Free 0x0000000087ebe7f8 in slab 0x0000000087ebe000 (file)
[SLAB] End of free
[FILE] fileclose
[SLAB] Free 0x0000000087ebe9f0 in slab 0x0000000087ebe000 (file)
[SLAB] End of free
[FILE] fileclose
[SLAB] Free 0x0000000087f59290 in slab 0x0000000087f59000 (file)
[SLAB] End of free
$ checkstr ok Ok
[FILE] filealloc
[SLAB] Alloc request on cache file
[SLAB] Object 0x0000000087f59290 in slab 0x0000000087f59000 (file) is allocated and initialized
[FILE] fileclose
[SLAB] Free 0x0000000087f59290 in slab 0x0000000087f59000 (file)
[SLAB] End of free
Contents match: 'Ok' equals 'Ok'
$ qemu-system-riscv64: terminating on signal 15 from pid 777 (make)
