
xv6 kernel is booting

[MP2] Slab size: 3
[FILE] fileinit
[SLAB] New kmem_cache (name: file, object size: 504 bytes, at: 0x0000000087f59000, max objects per slab: 8, support in cache obj: 7) is created
hart 1 starting
hart 2 starting
[FILE] filealloc
[SLAB] Alloc request on cache file
[SLAB] Object 0x0000000087f59098 in slab 0x0000000087f59000 (file) is allocated and initialized
init: starting sh
[FILE] filealloc
[SLAB] Alloc request on cache file
[SLAB] Object 0x0000000087f59290 in slab 0x0000000087f59000 (file) is allocated and initialized
[FILE] fileclose
[SLAB] Free 0x0000000087f59290 in slab 0x0000000087f59000 (file)
[SLAB] End of free
$ echo NotOk > ok
[FILE] filealloc
[SLAB] Alloc request on cache file
[SLAB] Object 0x0000000087f59290 in slab 0x0000000087f59000 (file) is allocated and initialized
[FILE] fileclose
[SLAB] Free 0x0000000087f59290 in slab 0x0000000087f59000 (file)
[SLAB] End of free
$ checkstr ok NotOk
[FILE] filealloc
[SLAB] Alloc request on cache file
[SLAB] Object 0x0000000087f59290 in slab 0x0000000087f59000 (file) is allocated and initialized
[FILE] fileclose
[SLAB] Free 0x0000000087f59290 in slab 0x0000000087f59000 (file)
[SLAB] End of free
Contents match: 'NotOk' equals 'NotOk'
$ echo Ok | gah . 2 | oak end > ok
[FILE] filealloc
[SLAB] Alloc request on cache file
[SLAB] Object 0x0000000087f59290 in slab 0x0000000087f59000 (file) is allocated and initialized
[FILE] filealloc
[SLAB] Alloc request on cache file
[SLAB] Object 0x0000000087f59488 in slab 0x0000000087f59000 (file) is allocated and initialized
[FILE] fileclose
[SLAB] Free 0x0000000087f59488 in slab 0x0000000087f59000 (file)
[SLAB] End of free
[FILE] filealloc
[SLAB] Alloc request on cache file
[SLAB] Object 0x0000000087f59488 in slab 0x0000000087f59000 (file) is allocated and initialized
[FILE] filealloc
[SLAB] Alloc request on cache file
[SLAB] Object 0x0000000087f59680 in slab 0x0000000087f59000 (file) is allocated and initialized
[FILE] filealloc
[SLAB] Alloc request on cache file
[SLAB] Object 0x0000000087f59878 in slab 0x0000000087f59000 (file) is allocated and initialized
[FILE] filealloc
[SLAB] Alloc request on cache file
[SLAB] Object 0x0000000087f59a70 in slab 0x0000000087f59000 (file) is allocated and initialized
[FILE] filealloc
[SLAB] Alloc request on cache file
[SLAB] Object 0x0000000087f59c68 in slab 0x0000000087f59000 (file) is allocated and initialized
[FILE] fileclose
[SLAB] Free 0x0000000087f59488 in slab 0x0000000087f59000 (file)
[SLAB] End of free
[FILE] fileclose
[SLAB] Free 0x0000000087f59680 in slab 0x0000000087f59000 (file)
[SLAB] End of free
[FILE] fileclose
[SLAB] Free 0x0000000087f59878 in slab 0x0000000087f59000 (file)
[SLAB] End of free
[FILE] fileclose
[SLAB] Free 0x0000000087f59a70 in slab 0x0000000087f59000 (file)
[SLAB] End of free
[FILE] fileclose
[SLAB] Free 0x0000000087f59c68 in slab 0x0000000087f59000 (file)
[SLAB] End of free
[FILE] fileclose
[SLAB] Free 0x0000000087f59290 in slab 0x0000000087f59000 (file)
[SLAB] End of free
$ checkstr ok Ok
[FILE] filealloc
[SLAB] Alloc request on cache file
[SLAB] Object 0x0000000087f59290 in slab 0x0000000087f59000 (file) is allocated and initialized
[FILE] fileclose
[SLAB] Free 0x0000000087f59290 in slab 0x0000000087f59000 (file)
[SLAB] End of free
Contents match: 'Ok' equals 'Ok'
$ echo NotOk | gah . 1 | oak end > ok
[FILE] filealloc
[SLAB] Alloc request on cache file
[SLAB] Object 0x0000000087f59290 in slab 0x0000000087f59000 (file) is allocated and initialized
[FILE] filealloc
[SLAB] Alloc request on cache file
[SLAB] Object 0x0000000087f59c68 in slab 0x0000000087f59000 (file) is allocated and initialized
[FILE] fileclose
[SLAB] Free 0x0000000087f59c68 in slab 0x0000000087f59000 (file)
[SLAB] End of free
[FILE] filealloc
[SLAB] Alloc request on cache file
[SLAB] Object 0x0000000087f59c68 in slab 0x0000000087f59000 (file) is allocated and initialized
[FILE] filealloc
[SLAB] Alloc request on cache file
[SLAB] Object 0x0000000087f59a70 in slab 0x0000000087f59000 (file) is allocated and initialized
[FILE] filealloc
[SLAB] Alloc request on cache file
[SLAB] Object 0x0000000087f59878 in slab 0x0000000087f59000 (file) is allocated and initialized
[FILE] filealloc
[SLAB] Alloc request on cache file
[SLAB] Object 0x0000000087f59680 in slab 0x0000000087f59000 (file) is allocated and initialized
[FILE] fileclose
[SLAB] Free 0x0000000087f59c68 in slab 0x0000000087f59000 (file)
[SLAB] End of free
[FILE] fileclose
[SLAB] Free 0x0000000087f59a70 in slab 0x0000000087f59000 (file)
[SLAB] End of free
[FILE] fileclose
[SLAB] Free 0x0000000087f59878 in slab 0x0000000087f59000 (file)
[SLAB] End of free
[FILE] fileclose
[SLAB] Free 0x0000000087f59680 in slab 0x0000000087f59000 (file)
[SLAB] End of free
[FILE] fileclose
[SLAB] Free 0x0000000087f59290 in slab 0x0000000087f59000 (file)
[SLAB] End of free
$ checkstr ok Ok
[FILE] filealloc
[SLAB] Alloc request on cache file
[SLAB] Object 0x0000000087f59290 in slab 0x0000000087f59000 (file) is allocated and initialized
[FILE] fileclose
[SLAB] Free 0x0000000087f59290 in slab 0x0000000087f59000 (file)
[SLAB] End of free
Contents match: 'Ok' equals 'Ok'
$ ls
[FILE] filealloc
[SLAB] Alloc request on cache file
[SLAB] Object 0x0000000087f59290 in slab 0x0000000087f59000 (file) is allocated and initialized
[FILE] filealloc
[SLAB] Alloc request on cache file
[SLAB] Object 0x0000000087f59680 in slab 0x0000000087f59000 (file) is allocated and initialized
[FILE] fileclose
[SLAB] Free 0x0000000087f59680 in slab 0x0000000087f59000 (file)
[SLAB] End of free
.              1 1 1024
[FILE] filealloc
[SLAB] Alloc request on cache file
[SLAB] Object 0x0000000087f59680 in slab 0x0000000087f59000 (file) is allocated and initialized
[FILE] fileclose
[SLAB] Free 0x0000000087f59680 in slab 0x0000000087f59000 (file)
[SLAB] End of free
..             1 1 1024
[FILE] filealloc
[SLAB] Alloc request on cache file
[SLAB] Object 0x0000000087f59680 in slab 0x0000000087f59000 (file) is allocated and initialized
[FILE] fileclose
[SLAB] Free 0x0000000087f59680 in slab 0x0000000087f59000 (file)
[SLAB] End of free
README         2 2 2494
[FILE] filealloc
[SLAB] Alloc request on cache file
[SLAB] Object 0x0000000087f59680 in slab 0x0000000087f59000 (file) is allocated and initialized
[FILE] fileclose
[SLAB] Free 0x0000000087f59680 in slab 0x0000000087f59000 (file)
[SLAB] End of free
cat            2 3 34632
[FILE] filealloc
[SLAB] Alloc request on cache file
[SLAB] Object 0x0000000087f59680 in slab 0x0000000087f59000 (file) is allocated and initialized
[FILE] fileclose
[SLAB] Free 0x0000000087f59680 in slab 0x0000000087f59000 (file)
[SLAB] End of free
echo           2 4 33520
[FILE] filealloc
[SLAB] Alloc request on cache file
[SLAB] Object 0x0000000087f59680 in slab 0x0000000087f59000 (file) is allocated and initialized
[FILE] fileclose
[SLAB] Free 0x0000000087f59680 in slab 0x0000000087f59000 (file)
[SLAB] End of free
forktest       2 5 15720
[FILE] filealloc
[SLAB] Alloc request on cache file
[SLAB] Object 0x0000000087f59680 in slab 0x0000000087f59000 (file) is allocated and initialized
[FILE] fileclose
[SLAB] Free 0x0000000087f59680 in slab 0x0000000087f59000 (file)
[SLAB] End of free
grep           2 6 37960
[FILE] filealloc
[SLAB] Alloc request on cache file
[SLAB] Object 0x0000000087f59680 in slab 0x0000000087f59000 (file) is allocated and initialized
[FILE] fileclose
[SLAB] Free 0x0000000087f59680 in slab 0x0000000087f59000 (file)
[SLAB] End of free
init           2 7 33984
[FILE] filealloc
[SLAB] Alloc request on cache file
[SLAB] Object 0x0000000087f59680 in slab 0x0000000087f59000 (file) is allocated and initialized
[FILE] fileclose
[SLAB] Free 0x0000000087f59680 in slab 0x0000000087f59000 (file)
[SLAB] End of free
kill           2 8 33504
[FILE] filealloc
[SLAB] Alloc request on cache file
[SLAB] Object 0x0000000087f59680 in slab 0x0000000087f59000 (file) is allocated and initialized
[FILE] fileclose
[SLAB] Free 0x0000000087f59680 in slab 0x0000000087f59000 (file)
[SLAB] End of free
ln             2 9 33320
[FILE] filealloc
[SLAB] Alloc request on cache file
[SLAB] Object 0x0000000087f59680 in slab 0x0000000087f59000 (file) is allocated and initialized
[FILE] fileclose
[SLAB] Free 0x0000000087f59680 in slab 0x0000000087f59000 (file)
[SLAB] End of free
ls             2 10 36528
[FILE] filealloc
[SLAB] Alloc request on cache file
[SLAB] Object 0x0000000087f59680 in slab 0x0000000087f59000 (file) is allocated and initialized
[FILE] fileclose
[SLAB] Free 0x0000000087f59680 in slab 0x0000000087f59000 (file)
[SLAB] End of free
mkdir          2 11 33584
[FILE] filealloc
[SLAB] Alloc request on cache file
[SLAB] Object 0x0000000087f59680 in slab 0x0000000087f59000 (file) is allocated and initialized
[FILE] fileclose
[SLAB] Free 0x0000000087f59680 in slab 0x0000000087f59000 (file)
[SLAB] End of free
rm             2 12 33568
[FILE] filealloc
[SLAB] Alloc request on cache file
[SLAB] Object 0x0000000087f59680 in slab 0x0000000087f59000 (file) is allocated and initialized
[FILE] fileclose
[SLAB] Free 0x0000000087f59680 in slab 0x0000000087f59000 (file)
[SLAB] End of free
sh             2 13 55776
[FILE] filealloc
[SLAB] Alloc request on cache file
[SLAB] Object 0x0000000087f59680 in slab 0x0000000087f59000 (file) is allocated and initialized
[FILE] fileclose
[SLAB] Free 0x0000000087f59680 in slab 0x0000000087f59000 (file)
[SLAB] End of free
stressfs       2 14 34296
[FILE] filealloc
[SLAB] Alloc request on cache file
[SLAB] Object 0x0000000087f59680 in slab 0x0000000087f59000 (file) is allocated and initialized
[FILE] fileclose
[SLAB] Free 0x0000000087f59680 in slab 0x0000000087f59000 (file)
[SLAB] End of free
usertests      2 15 180168
[FILE] filealloc
[SLAB] Alloc request on cache file
[SLAB] Object 0x0000000087f59680 in slab 0x0000000087f59000 (file) is allocated and initialized
[FILE] fileclose
[SLAB] Free 0x0000000087f59680 in slab 0x0000000087f59000 (file)
[SLAB] End of free
grind          2 16 49528
[FILE] filealloc
[SLAB] Alloc request on cache file
[SLAB] Object 0x0000000087f59680 in slab 0x0000000087f59000 (file) is allocated and initialized
[FILE] fileclose
[SLAB] Free 0x0000000087f59680 in slab 0x0000000087f59000 (file)
[SLAB] End of free
wc             2 17 35632
[FILE] filealloc
[SLAB] Alloc request on cache file
[SLAB] Object 0x0000000087f59680 in slab 0x0000000087f59000 (file) is allocated and initialized
[FILE] fileclose
[SLAB] Free 0x0000000087f59680 in slab 0x0000000087f59000 (file)
[SLAB] End of free
zombie         2 18 32960
[FILE] filealloc
[SLAB] Alloc request on cache file
[SLAB] Object 0x0000000087f59680 in slab 0x0000000087f59000 (file) is allocated and initialized
[FILE] fileclose
[SLAB] Free 0x0000000087f59680 in slab 0x0000000087f59000 (file)
[SLAB] End of free
debugswitch    2 19 33088
[FILE] filealloc
[SLAB] Alloc request on cache file
[SLAB] Object 0x0000000087f59680 in slab 0x0000000087f59000 (file) is allocated and initialized
[FILE] fileclose
[SLAB] Free 0x0000000087f59680 in slab 0x0000000087f59000 (file)
[SLAB] End of free
prepare        2 20 33872
[FILE] filealloc
[SLAB] Alloc request on cache file
[SLAB] Object 0x0000000087f59680 in slab 0x0000000087f59000 (file) is allocated and initialized
[FILE] fileclose
[SLAB] Free 0x0000000087f59680 in slab 0x0000000087f59000 (file)
[SLAB] End of free
checkstr       2 21 34224
[FILE] filealloc
[SLAB] Alloc request on cache file
[SLAB] Object 0x0000000087f59680 in slab 0x0000000087f59000 (file) is allocated and initialized
[FILE] fileclose
[SLAB] Free 0x0000000087f59680 in slab 0x0000000087f59000 (file)
[SLAB] End of free
gah            2 22 35536
[FILE] filealloc
[SLAB] Alloc request on cache file
[SLAB] Object 0x0000000087f59680 in slab 0x0000000087f59000 (file) is allocated and initialized
[FILE] fileclose
[SLAB] Free 0x0000000087f59680 in slab 0x0000000087f59000 (file)
[SLAB] End of free
oak            2 23 33776
[FILE] filealloc
[SLAB] Alloc request on cache file
[SLAB] Object 0x0000000087f59680 in slab 0x0000000087f59000 (file) is allocated and initialized
[FILE] fileclose
[SLAB] Free 0x0000000087f59680 in slab 0x0000000087f59000 (file)
[SLAB] End of free
oap            2 24 33496
[FILE] filealloc
[SLAB] Alloc request on cache file
[SLAB] Object 0x0000000087f59680 in slab 0x0000000087f59000 (file) is allocated and initialized
[FILE] fileclose
[SLAB] Free 0x0000000087f59680 in slab 0x0000000087f59000 (file)
[SLAB] End of free
tee            2 25 33880
[FILE] filealloc
[SLAB] Alloc request on cache file
[SLAB] Object 0x0000000087f59680 in slab 0x0000000087f59000 (file) is allocated and initialized
[FILE] fileclose
[SLAB] Free 0x0000000087f59680 in slab 0x0000000087f59000 (file)
[SLAB] End of free
mp2            2 26 33064
[FILE] filealloc
[SLAB] Alloc request on cache file
[SLAB] Object 0x0000000087f59680 in slab 0x0000000087f59000 (file) is allocated and initialized
[FILE] fileclose
[SLAB] Free 0x0000000087f59680 in slab 0x0000000087f59000 (file)
[SLAB] End of free
printfslab     2 27 33088
[FILE] filealloc
[SLAB] Alloc request on cache file
[SLAB] Object 0x0000000087f59680 in slab 0x0000000087f59000 (file) is allocated and initialized
[FILE] fileclose
[SLAB] Free 0x0000000087f59680 in slab 0x0000000087f59000 (file)
[SLAB] End of free
console        3 28 0
[FILE] filealloc
[SLAB] Alloc request on cache file
[SLAB] Object 0x0000000087f59680 in slab 0x0000000087f59000 (file) is allocated and initialized
[FILE] fileclose
[SLAB] Free 0x0000000087f59680 in slab 0x0000000087f59000 (file)
[SLAB] End of free
ok             2 29 2
[FILE] filealloc
[SLAB] Alloc request on cache file
[SLAB] Object 0x0000000087f59680 in slab 0x0000000087f59000 (file) is allocated and initialized
[FILE] fileclose
[SLAB] Free 0x0000000087f59680 in slab 0x0000000087f59000 (file)
[SLAB] End of free
000            2 30 0
[FILE] filealloc
[SLAB] Alloc request on cache file
[SLAB] Object 0x0000000087f59680 in slab 0x0000000087f59000 (file) is allocated and initialized
[FILE] fileclose
[SLAB] Free 0x0000000087f59680 in slab 0x0000000087f59000 (file)
[SLAB] End of free
001            2 31 0
[FILE] filealloc
[SLAB] Alloc request on cache file
[SLAB] Object 0x0000000087f59680 in slab 0x0000000087f59000 (file) is allocated and initialized
[FILE] fileclose
[SLAB] Free 0x0000000087f59680 in slab 0x0000000087f59000 (file)
[SLAB] End of free
002            2 32 0
[FILE] filealloc
[SLAB] Alloc request on cache file
[SLAB] Object 0x0000000087f59680 in slab 0x0000000087f59000 (file) is allocated and initialized
[FILE] fileclose
[SLAB] Free 0x0000000087f59680 in slab 0x0000000087f59000 (file)
[SLAB] End of free
003            2 33 0
[FILE] filealloc
[SLAB] Alloc request on cache file
[SLAB] Object 0x0000000087f59680 in slab 0x0000000087f59000 (file) is allocated and initialized
[FILE] fileclose
[SLAB] Free 0x0000000087f59680 in slab 0x0000000087f59000 (file)
[SLAB] End of free
004            2 34 0
[FILE] filealloc
[SLAB] Alloc request on cache file
[SLAB] Object 0x0000000087f59680 in slab 0x0000000087f59000 (file) is allocated and initialized
[FILE] fileclose
[SLAB] Free 0x0000000087f59680 in slab 0x0000000087f59000 (file)
[SLAB] End of free
005            2 35 0
[FILE] filealloc
[SLAB] Alloc request on cache file
[SLAB] Object 0x0000000087f59680 in slab 0x0000000087f59000 (file) is allocated and initialized
[FILE] fileclose
[SLAB] Free 0x0000000087f59680 in slab 0x0000000087f59000 (file)
[SLAB] End of free
006            2 36 0
[FILE] filealloc
[SLAB] Alloc request on cache file
[SLAB] Object 0x0000000087f59680 in slab 0x0000000087f59000 (file) is allocated and initialized
[FILE] fileclose
[SLAB] Free 0x0000000087f59680 in slab 0x0000000087f59000 (file)
[SLAB] End of free
007            2 37 0
[FILE] filealloc
[SLAB] Alloc request on cache file
[SLAB] Object 0x0000000087f59680 in slab 0x0000000087f59000 (file) is allocated and initialized
[FILE] fileclose
[SLAB] Free 0x0000000087f59680 in slab 0x0000000087f59000 (file)
[SLAB] End of free
008            2 38 0
[FILE] filealloc
[SLAB] Alloc request on cache file
[SLAB] Object 0x0000000087f59680 in slab 0x0000000087f59000 (file) is allocated and initialized
[FILE] fileclose
[SLAB] Free 0x0000000087f59680 in slab 0x0000000087f59000 (file)
[SLAB] End of free
009            2 39 0
[FILE] filealloc
[SLAB] Alloc request on cache file
[SLAB] Object 0x0000000087f59680 in slab 0x0000000087f59000 (file) is allocated and initialized
[FILE] fileclose
[SLAB] Free 0x0000000087f59680 in slab 0x0000000087f59000 (file)
[SLAB] End of free
010            2 40 0
[FILE] filealloc
[SLAB] Alloc request on cache file
[SLAB] Object 0x0000000087f59680 in slab 0x0000000087f59000 (file) is allocated and initialized
[FILE] fileclose
[SLAB] Free 0x0000000087f59680 in slab 0x0000000087f59000 (file)
[SLAB] End of free
011            2 41 0
[FILE] filealloc
[SLAB] Alloc request on cache file
[SLAB] Object 0x0000000087f59680 in slab 0x0000000087f59000 (file) is allocated and initialized
[FILE] fileclose
[SLAB] Free 0x0000000087f59680 in slab 0x0000000087f59000 (file)
[SLAB] End of free
012            2 42 0
[FILE] filealloc
[SLAB] Alloc request on cache file
[SLAB] Object 0x0000000087f59680 in slab 0x0000000087f59000 (file) is allocated and initialized
[FILE] fileclose
[SLAB] Free 0x0000000087f59680 in slab 0x0000000087f59000 (file)
[SLAB] End of free
013            2 43 0
[FILE] filealloc
[SLAB] Alloc request on cache file
[SLAB] Object 0x0000000087f59680 in slab 0x0000000087f59000 (file) is allocated and initialized
[FILE] fileclose
[SLAB] Free 0x0000000087f59680 in slab 0x0000000087f59000 (file)
[SLAB] End of free
014            2 44 0
[FILE] filealloc
[SLAB] Alloc request on cache file
[SLAB] Object 0x0000000087f59680 in slab 0x0000000087f59000 (file) is allocated and initialized
[FILE] fileclose
[SLAB] Free 0x0000000087f59680 in slab 0x0000000087f59000 (file)
[SLAB] End of free
015            2 45 0
[FILE] filealloc
[SLAB] Alloc request on cache file
[SLAB] Object 0x0000000087f59680 in slab 0x0000000087f59000 (file) is allocated and initialized
[FILE] fileclose
[SLAB] Free 0x0000000087f59680 in slab 0x0000000087f59000 (file)
[SLAB] End of free
016            2 46 0
[FILE] filealloc
[SLAB] Alloc request on cache file
[SLAB] Object 0x0000000087f59680 in slab 0x0000000087f59000 (file) is allocated and initialized
[FILE] fileclose
[SLAB] Free 0x0000000087f59680 in slab 0x0000000087f59000 (file)
[SLAB] End of free
017            2 47 0
[FILE] filealloc
[SLAB] Alloc request on cache file
[SLAB] Object 0x0000000087f59680 in slab 0x0000000087f59000 (file) is allocated and initialized
[FILE] fileclose
[SLAB] Free 0x0000000087f59680 in slab 0x0000000087f59000 (file)
[SLAB] End of free
018            2 48 0
[FILE] filealloc
[SLAB] Alloc request on cache file
[SLAB] Object 0x0000000087f59680 in slab 0x0000000087f59000 (file) is allocated and initialized
[FILE] fileclose
[SLAB] Free 0x0000000087f59680 in slab 0x0000000087f59000 (file)
[SLAB] End of free
019            2 49 0
[FILE] filealloc
[SLAB] Alloc request on cache file
[SLAB] Object 0x0000000087f59680 in slab 0x0000000087f59000 (file) is allocated and initialized
[FILE] fileclose
[SLAB] Free 0x0000000087f59680 in slab 0x0000000087f59000 (file)
[SLAB] End of free
020            2 50 0
[FILE] filealloc
[SLAB] Alloc request on cache file
[SLAB] Object 0x0000000087f59680 in slab 0x0000000087f59000 (file) is allocated and initialized
[FILE] fileclose
[SLAB] Free 0x0000000087f59680 in slab 0x0000000087f59000 (file)
[SLAB] End of free
021            2 51 0
[FILE] filealloc
[SLAB] Alloc request on cache file
[SLAB] Object 0x0000000087f59680 in slab 0x0000000087f59000 (file) is allocated and initialized
[FILE] fileclose
[SLAB] Free 0x0000000087f59680 in slab 0x0000000087f59000 (file)
[SLAB] End of free
022            2 52 0
[FILE] filealloc
[SLAB] Alloc request on cache file
[SLAB] Object 0x0000000087f59680 in slab 0x0000000087f59000 (file) is allocated and initialized
[FILE] fileclose
[SLAB] Free 0x0000000087f59680 in slab 0x0000000087f59000 (file)
[SLAB] End of free
023            2 53 0
[FILE] filealloc
[SLAB] Alloc request on cache file
[SLAB] Object 0x0000000087f59680 in slab 0x0000000087f59000 (file) is allocated and initialized
[FILE] fileclose
[SLAB] Free 0x0000000087f59680 in slab 0x0000000087f59000 (file)
[SLAB] End of free
f1             2 54 1469
[FILE] filealloc
[SLAB] Alloc request on cache file
[SLAB] Object 0x0000000087f59680 in slab 0x0000000087f59000 (file) is allocated and initialized
[FILE] fileclose
[SLAB] Free 0x0000000087f59680 in slab 0x0000000087f59000 (file)
[SLAB] End of free
f2             2 55 5
[FILE] filealloc
[SLAB] Alloc request on cache file
[SLAB] Object 0x0000000087f59680 in slab 0x0000000087f59000 (file) is allocated and initialized
[FILE] fileclose
[SLAB] Free 0x0000000087f59680 in slab 0x0000000087f59000 (file)
[SLAB] End of free
f3             2 56 5
[FILE] filealloc
[SLAB] Alloc request on cache file
[SLAB] Object 0x0000000087f59680 in slab 0x0000000087f59000 (file) is allocated and initialized
[FILE] fileclose
[SLAB] Free 0x0000000087f59680 in slab 0x0000000087f59000 (file)
[SLAB] End of free
f4             2 57 5
[FILE] filealloc
[SLAB] Alloc request on cache file
[SLAB] Object 0x0000000087f59680 in slab 0x0000000087f59000 (file) is allocated and initialized
[FILE] fileclose
[SLAB] Free 0x0000000087f59680 in slab 0x0000000087f59000 (file)
[SLAB] End of free
f6             2 58 5
[FILE] filealloc
[SLAB] Alloc request on cache file
[SLAB] Object 0x0000000087f59680 in slab 0x0000000087f59000 (file) is allocated and initialized
[FILE] fileclose
[SLAB] Free 0x0000000087f59680 in slab 0x0000000087f59000 (file)
[SLAB] End of free
f5             2 59 5
[FILE] filealloc
[SLAB] Alloc request on cache file
[SLAB] Object 0x0000000087f59680 in slab 0x0000000087f59000 (file) is allocated and initialized
[FILE] fileclose
[SLAB] Free 0x0000000087f59680 in slab 0x0000000087f59000 (file)
[SLAB] End of free
f8             2 60 3
[FILE] filealloc
[SLAB] Alloc request on cache file
[SLAB] Object 0x0000000087f59680 in slab 0x0000000087f59000 (file) is allocated and initialized
[FILE] fileclose
[SLAB] Free 0x0000000087f59680 in slab 0x0000000087f59000 (file)
[SLAB] End of free
f7             2 61 5
[FILE] fileclose
[SLAB] Free 0x0000000087f59290 in slab 0x0000000087f59000 (file)
[SLAB] End of free
$ qemu-system-riscv64: terminating on signal 15 from pid 1299 (make)
