
xv6 kernel is booting

[MP2] Slab size: 3
[FILE] fileinit
[SLAB] New kmem_cache (name: file, object size: 504 bytes, at: 0x0000000087f59000, max objects per slab: 8, support in cache obj: 7) is created
hart 1 starting
hart 2 starting
[FILE] filealloc
[SLAB] Alloc request on cache file
[SLAB] Object 0x0000000087f59098 in slab 0x0000000087f59000 (file) is allocated and initialized
init: starting sh
[FILE] filealloc
[SLAB] Alloc request on cache file
[SLAB] Object 0x0000000087f59290 in slab 0x0000000087f59000 (file) is allocated and initialized
[FILE] fileclose
[SLAB] Free 0x0000000087f59290 in slab 0x0000000087f59000 (file)
[SLAB] End of free
$ echo Ok | gah . 16 | oak | oap > ok
[FILE] filealloc
[SLAB] Alloc request on cache file
[SLAB] Object 0x0000000087f59290 in slab 0x0000000087f59000 (file) is allocated and initialized
[FILE] filealloc
[SLAB] Alloc request on cache file
[SLAB] Object 0x0000000087f59488 in slab 0x0000000087f59000 (file) is allocated and initialized
[FILE] filealloc
[SLAB] Alloc request on cache file
[SLAB] Object 0x0000000087f59680 in slab 0x0000000087f59000 (file) is allocated and initialized
[FILE] filealloc
[SLAB] Alloc request on cache file
[SLAB] Object 0x0000000087f59878 in slab 0x0000000087f59000 (file) is allocated and initialized
[FILE] filealloc
[SLAB] Alloc request on cache file
[SLAB] Object 0x0000000087f59a70 in slab 0x0000000087f59000 (file) is allocated and initialized
[FILE] filealloc
[SLAB] Alloc request on cache file
[SLAB] Object 0x0000000087f59c68 in slab 0x0000000087f59000 (file) is allocated and initialized
[FILE] fileclose
[SLAB] Free 0x0000000087f59488 in slab 0x0000000087f59000 (file)
[SLAB] End of free
[FILE] filealloc
[SLAB] Alloc request on cache file
[SLAB] Object 0x0000000087f59488 in slab 0x0000000087f59000 (file) is allocated and initialized
[FILE] filealloc
[SLAB] Alloc request on cache file
[SLAB] A new slab 0x0000000087edf000 (file) is allocated
[SLAB] Object 0x0000000087edf018 in slab 0x0000000087edf000 (file) is allocated and initialized
[FILE] filealloc
[SLAB] Alloc request on cache file
[SLAB] Object 0x0000000087edf210 in slab 0x0000000087edf000 (file) is allocated and initialized
[FILE] filealloc
[SLAB] Alloc request on cache file
[SLAB] Object 0x0000000087edf408 in slab 0x0000000087edf000 (file) is allocated and initialized
[FILE] filealloc
[SLAB] Alloc request on cache file
[SLAB] Object 0x0000000087edf600 in slab 0x0000000087edf000 (file) is allocated and initialized
[FILE] filealloc
[SLAB] Alloc request on cache file
[SLAB] Object 0x0000000087edf7f8 in slab 0x0000000087edf000 (file) is allocated and initialized
[FILE] filealloc
[SLAB] Alloc request on cache file
[SLAB] Object 0x0000000087edf9f0 in slab 0x0000000087edf000 (file) is allocated and initialized
[FILE] filealloc
[SLAB] Alloc request on cache file
[SLAB] Object 0x0000000087edfbe8 in slab 0x0000000087edf000 (file) is allocated and initialized
[FILE] filealloc
[SLAB] Alloc request on cache file
[SLAB] Object 0x0000000087edfde0 in slab 0x0000000087edf000 (file) is allocated and initialized
[FILE] filealloc
[SLAB] Alloc request on cache file
[SLAB] A new slab 0x0000000087f11000 (file) is allocated
[SLAB] Object 0x0000000087f11018 in slab 0x0000000087f11000 (file) is allocated and initialized
[FILE] filealloc
[SLAB] Alloc request on cache file
[SLAB] Object 0x0000000087f11210 in slab 0x0000000087f11000 (file) is allocated and initialized
[FILE] filealloc
[SLAB] Alloc request on cache file
[SLAB] Object 0x0000000087f11408 in slab 0x0000000087f11000 (file) is allocated and initialized
[FILE] filealloc
[SLAB] Alloc request on cache file
[SLAB] Object 0x0000000087f11600 in slab 0x0000000087f11000 (file) is allocated and initialized
[FILE] filealloc
[SLAB] Alloc request on cache file
[SLAB] Object 0x0000000087f117f8 in slab 0x0000000087f11000 (file) is allocated and initialized
[FILE] filealloc
[SLAB] Alloc request on cache file
[SLAB] Object 0x0000000087f119f0 in slab 0x0000000087f11000 (file) is allocated and initialized
[FILE] filealloc
[SLAB] Alloc request on cache file
[SLAB] Object 0x0000000087f11be8 in slab 0x0000000087f11000 (file) is allocated and initialized
[FILE] filealloc
[SLAB] Alloc request on cache file
[SLAB] Object 0x0000000087f11de0 in slab 0x0000000087f11000 (file) is allocated and initialized
[FILE] fileclose
[SLAB] Free 0x0000000087f59c68 in slab 0x0000000087f59000 (file)
[SLAB] End of free
[FILE] fileclose
[SLAB] Free 0x0000000087f59878 in slab 0x0000000087f59000 (file)
[SLAB] End of free
[FILE] fileclose
[SLAB] kmem_cache { name: file, object_size: 504, at: 0x0000000087f59000, in_cache_obj: 7 }
[SLAB]  [ cache slabs ]
[SLAB]   [ slab 0x0000000087f59000 ] { freelist: 0x0000000087f59878, nxt: 0x0000000000000000 }
[SLAB]    [ idx 0 ] { addr: 0x0000000087f59098, as_ptr: 0x0000000e00000003, as_obj: {tp: 3, ref: 14, readable: 1, writable: 1, pipe: 0x0000000000000000, ip: 0x00000000800353a8, off: 0, major: 1} }
[SLAB]    [ idx 1 ] { addr: 0x0000000087f59290, as_ptr: 0x0000000100000001, as_obj: {tp: 1, ref: 1, readable: 1, writable: 0, pipe: 0x0000000087f25000, ip: 0x0000000000000000, off: 0, major: 0} }
[SLAB]    [ idx 2 ] { addr: 0x0000000087f59488, as_ptr: 0x0000000100000002, as_obj: {tp: 2, ref: 1, readable: 0, writable: 1, pipe: 0x0000000000000000, ip: 0x0000000080035430, off: 0, major: 0} }
[SLAB]    [ idx 3 ] { addr: 0x0000000087f59680, as_ptr: 0x0000000100000001, as_obj: {tp: 1, ref: 1, readable: 1, writable: 0, pipe: 0x0000000087ee8000, ip: 0x0000000000000000, off: 0, major: 0} }
[SLAB]    [ idx 4 ] { addr: 0x0000000087f59878, as_ptr: 0x0000000087f59c68, as_obj: {tp: -2013946776, ref: 0, readable: 0, writable: 1, pipe: 0x0000000087ee8000, ip: 0x0000000000000000, off: 0, major: 0} }
[SLAB]    [ idx 5 ] { addr: 0x0000000087f59a70, as_ptr: 0x0000000100000001, as_obj: {tp: 1, ref: 1, readable: 1, writable: 0, pipe: 0x0000000087eab000, ip: 0x0000000000000000, off: 0, major: 0} }
[SLAB]    [ idx 6 ] { addr: 0x0000000087f59c68, as_ptr: 0x0000000000000000, as_obj: {tp: 0, ref: 0, readable: 0, writable: 1, pipe: 0x0000000087eab000, ip: 0x0000000000000000, off: 0, major: 0} }
[SLAB] print_kmem_cache end
[SLAB] Free 0x0000000087edf018 in slab 0x0000000087edf000 (file)
[SLAB] End of free
[FILE] fileclose
[SLAB] Free 0x0000000087edf210 in slab 0x0000000087edf000 (file)
[SLAB] End of free
[FILE] fileclose
[SLAB] Free 0x0000000087edf408 in slab 0x0000000087edf000 (file)
[SLAB] End of free
[FILE] fileclose
[SLAB] Free 0x0000000087edf600 in slab 0x0000000087edf000 (file)
[SLAB] End of free
[FILE] fileclose
[SLAB] Free 0x0000000087edf7f8 in slab 0x0000000087edf000 (file)
[SLAB] End of free
[FILE] fileclose
[SLAB] Free 0x0000000087edf9f0 in slab 0x0000000087edf000 (file)
[SLAB] End of free
[FILE] fileclose
[SLAB] Free 0x0000000087edfbe8 in slab 0x0000000087edf000 (file)
[SLAB] End of free
[FILE] fileclose
[SLAB] Free 0x0000000087edfde0 in slab 0x0000000087edf000 (file)
[SLAB] End of free
[FILE] fileclose
[SLAB] Free 0x0000000087f11018 in slab 0x0000000087f11000 (file)
[SLAB] End of free
[FILE] fileclose
[SLAB] Free 0x0000000087f11210 in slab 0x0000000087f11000 (file)
[SLAB] End of free
[FILE] fileclose
[SLAB] Free 0x0000000087f11408 in slab 0x0000000087f11000 (file)
[SLAB] End of free
[FILE] fileclose
[SLAB] Free 0x0000000087f11600 in slab 0x0000000087f11000 (file)
[SLAB] End of free
[FILE] fileclose
[SLAB] Free 0x0000000087f117f8 in slab 0x0000000087f11000 (file)
[SLAB] End of free
[FILE] fileclose
[SLAB] Free 0x0000000087f119f0 in slab 0x0000000087f11000 (file)
[SLAB] End of free
[FILE] fileclose
[SLAB] Free 0x0000000087f11be8 in slab 0x0000000087f11000 (file)
[SLAB] End of free
[FILE] fileclose
[SLAB] Free 0x0000000087f11de0 in slab 0x0000000087f11000 (file)
[SLAB] End of free
[FILE] fileclose
[SLAB] Free 0x0000000087f59a70 in slab 0x0000000087f59000 (file)
[SLAB] End of free
[FILE] fileclose
[SLAB] Free 0x0000000087f59488 in slab 0x0000000087f59000 (file)
[SLAB] End of free
[FILE] fileclose
[SLAB] Free 0x0000000087f59680 in slab 0x0000000087f59000 (file)
[SLAB] End of free
[FILE] fileclose
[SLAB] Free 0x0000000087f59290 in slab 0x0000000087f59000 (file)
[SLAB] End of free
$ qemu-system-riscv64: terminating on signal 15 from pid 864 (make)
